[    0.000000] Initializing cgroup subsys cpuset
[    0.000000] Initializing cgroup subsys cpu
[    0.000000] Initializing cgroup subsys cpuacct
[    0.000000] Linux version 4.4.0-177-generic (buildd@lgw01-amd64-035) (gcc version 5.4.0 20160609 (Ubuntu 5.4.0-6ubuntu1~16.04.12) ) #207-Ubuntu SMP Mon Mar 16 01:16:10 UTC 2020 (Ubuntu 4.4.0-177.207-generic 4.4.214)
[    0.000000] Command line: BOOT_IMAGE=/boot/vmlinuz-4.4.0-177-generic root=LABEL=cloudimg-rootfs ro console=tty1 console=ttyS0
[    0.000000] KERNEL supported cpus:
[    0.000000]   Intel GenuineIntel
[    0.000000]   AMD AuthenticAMD
[    0.000000]   Centaur CentaurHauls
[    0.000000] x86/fpu: xstate_offset[2]:  576, xstate_sizes[2]:  256
[    0.000000] x86/fpu: Supporting XSAVE feature 0x01: 'x87 floating point registers'
[    0.000000] x86/fpu: Supporting XSAVE feature 0x02: 'SSE registers'
[    0.000000] x86/fpu: Supporting XSAVE feature 0x04: 'AVX registers'
[    0.000000] x86/fpu: Enabled xstate features 0x7, context size is 832 bytes, using 'standard' format.
[    0.000000] e820: BIOS-provided physical RAM map:
[    0.000000] BIOS-e820: [mem 0x0000000000000000-0x000000000009fbff] usable
[    0.000000] BIOS-e820: [mem 0x000000000009fc00-0x000000000009ffff] reserved
[    0.000000] BIOS-e820: [mem 0x00000000000f0000-0x00000000000fffff] reserved
[    0.000000] BIOS-e820: [mem 0x0000000000100000-0x000000001ffeffff] usable
[    0.000000] BIOS-e820: [mem 0x000000001fff0000-0x000000001fffffff] ACPI data
[    0.000000] BIOS-e820: [mem 0x00000000fec00000-0x00000000fec00fff] reserved
[    0.000000] BIOS-e820: [mem 0x00000000fee00000-0x00000000fee00fff] reserved
[    0.000000] BIOS-e820: [mem 0x00000000fffc0000-0x00000000ffffffff] reserved
[    0.000000] NX (Execute Disable) protection: active
[    0.000000] SMBIOS 2.5 present.
[    0.000000] Hypervisor detected: KVM
[    0.000000] e820: last_pfn = 0x1fff0 max_arch_pfn = 0x400000000
[    0.000000] MTRR: Disabled
[    0.000000] x86/PAT: MTRRs disabled, skipping PAT initialization too.
[    0.000000] CPU MTRRs all blank - virtualized system.
[    0.000000] x86/PAT: Configuration [0-7]: WB  WT  UC- UC  WB  WT  UC- UC  
[    0.000000] found SMP MP-table at [mem 0x0009fff0-0x0009ffff] mapped at [ffff88000009fff0]
[    0.000000] Scanning 1 areas for low memory corruption
[    0.000000] RAMDISK: [mem 0x1e8b0000-0x1f736fff]
[    0.000000] ACPI: Early table checksum verification disabled
[    0.000000] ACPI: RSDP 0x00000000000E0000 000024 (v02 VBOX  )
[    0.000000] ACPI: XSDT 0x000000001FFF0030 00003C (v01 VBOX   VBOXXSDT 00000001 ASL  00000061)
[    0.000000] ACPI: FACP 0x000000001FFF00F0 0000F4 (v04 VBOX   VBOXFACP 00000001 ASL  00000061)
[    0.000000] ACPI: DSDT 0x000000001FFF0470 002325 (v02 VBOX   VBOXBIOS 00000002 INTL 20100528)
[    0.000000] ACPI: FACS 0x000000001FFF0200 000040
[    0.000000] ACPI: FACS 0x000000001FFF0200 000040
[    0.000000] ACPI: APIC 0x000000001FFF0240 00005C (v02 VBOX   VBOXAPIC 00000001 ASL  00000061)
[    0.000000] ACPI: SSDT 0x000000001FFF02A0 0001CC (v01 VBOX   VBOXCPUT 00000002 INTL 20100528)
[    0.000000] No NUMA configuration found
[    0.000000] Faking a node at [mem 0x0000000000000000-0x000000001ffeffff]
[    0.000000] NODE_DATA(0) allocated [mem 0x1ffeb000-0x1ffeffff]
[    0.000000] kvm-clock: Using msrs 4b564d01 and 4b564d00
[    0.000000] kvm-clock: cpu 0, msr 0:1ffe3001, primary cpu clock
[    0.000000] kvm-clock: using sched offset of 3888381351 cycles
[    0.000000] clocksource: kvm-clock: mask: 0xffffffffffffffff max_cycles: 0x1cd42e4dffb, max_idle_ns: 881590591483 ns
[    0.000000] Zone ranges:
[    0.000000]   DMA      [mem 0x0000000000001000-0x0000000000ffffff]
[    0.000000]   DMA32    [mem 0x0000000001000000-0x000000001ffeffff]
[    0.000000]   Normal   empty
[    0.000000]   Device   empty
[    0.000000] Movable zone start for each node
[    0.000000] Early memory node ranges
[    0.000000]   node   0: [mem 0x0000000000001000-0x000000000009efff]
[    0.000000]   node   0: [mem 0x0000000000100000-0x000000001ffeffff]
[    0.000000] Initmem setup node 0 [mem 0x0000000000001000-0x000000001ffeffff]
[    0.000000] ACPI: PM-Timer IO Port: 0x4008
[    0.000000] IOAPIC[0]: apic_id 2, version 32, address 0xfec00000, GSI 0-23
[    0.000000] ACPI: INT_SRC_OVR (bus 0 bus_irq 0 global_irq 2 dfl dfl)
[    0.000000] ACPI: INT_SRC_OVR (bus 0 bus_irq 9 global_irq 9 low level)
[    0.000000] Using ACPI (MADT) for SMP configuration information
[    0.000000] smpboot: Allowing 2 CPUs, 0 hotplug CPUs
[    0.000000] PM: Registered nosave memory: [mem 0x00000000-0x00000fff]
[    0.000000] PM: Registered nosave memory: [mem 0x0009f000-0x0009ffff]
[    0.000000] PM: Registered nosave memory: [mem 0x000a0000-0x000effff]
[    0.000000] PM: Registered nosave memory: [mem 0x000f0000-0x000fffff]
[    0.000000] e820: [mem 0x20000000-0xfebfffff] available for PCI devices
[    0.000000] Booting paravirtualized kernel on KVM
[    0.000000] clocksource: refined-jiffies: mask: 0xffffffff max_cycles: 0xffffffff, max_idle_ns: 7645519600211568 ns
[    0.000000] setup_percpu: NR_CPUS:512 nr_cpumask_bits:512 nr_cpu_ids:2 nr_node_ids:1
[    0.000000] PERCPU: Embedded 33 pages/cpu @ffff88001fc00000 s95448 r8192 d31528 u1048576
[    0.000000] Built 1 zonelists in Node order, mobility grouping on.  Total pages: 128888
[    0.000000] Policy zone: DMA32
[    0.000000] Kernel command line: BOOT_IMAGE=/boot/vmlinuz-4.4.0-177-generic root=LABEL=cloudimg-rootfs ro console=tty1 console=ttyS0
[    0.000000] PID hash table entries: 2048 (order: 2, 16384 bytes)
[    0.000000] Memory: 481596K/523832K available (8626K kernel code, 1336K rwdata, 4036K rodata, 1488K init, 1292K bss, 42236K reserved, 0K cma-reserved)
[    0.000000] SLUB: HWalign=64, Order=0-3, MinObjects=0, CPUs=2, Nodes=1
[    0.000000] Kernel/User page tables isolation: enabled
[    0.000000] Hierarchical RCU implementation.
[    0.000000] 	Build-time adjustment of leaf fanout to 64.
[    0.000000] 	RCU restricting CPUs from NR_CPUS=512 to nr_cpu_ids=2.
[    0.000000] RCU: Adjusting geometry for rcu_fanout_leaf=64, nr_cpu_ids=2
[    0.000000] NR_IRQS:33024 nr_irqs:440 16
[    0.000000] Console: colour VGA+ 80x25
[    0.000000] console [tty1] enabled
[    0.000000] console [ttyS0] enabled
[    0.000000] tsc: Detected 2807.998 MHz processor
[    0.124405] Calibrating delay loop (skipped) preset value.. 5615.99 BogoMIPS (lpj=11231992)
[    0.125944] pid_max: default: 32768 minimum: 301
[    0.126872] ACPI: Core revision 20150930
[    0.128267] ACPI: 2 ACPI AML tables successfully acquired and loaded
[    0.129518] Security Framework initialized
[    0.130301] Yama: becoming mindful.
[    0.131003] AppArmor: AppArmor initialized
[    0.131850] Dentry cache hash table entries: 65536 (order: 7, 524288 bytes)
[    0.133108] Inode-cache hash table entries: 32768 (order: 6, 262144 bytes)
[    0.134317] Mount-cache hash table entries: 1024 (order: 1, 8192 bytes)
[    0.135501] Mountpoint-cache hash table entries: 1024 (order: 1, 8192 bytes)
[    0.136837] Initializing cgroup subsys io
[    0.137601] Initializing cgroup subsys memory
[    0.138462] Initializing cgroup subsys devices
[    0.139357] Initializing cgroup subsys freezer
[    0.140227] Initializing cgroup subsys net_cls
[    0.141051] Initializing cgroup subsys perf_event
[    0.141910] Initializing cgroup subsys net_prio
[    0.142757] Initializing cgroup subsys hugetlb
[    0.143615] Initializing cgroup subsys pids
[    0.145585] mce: CPU supports 0 MCE banks
[    0.146479] Last level iTLB entries: 4KB 64, 2MB 8, 4MB 8
[    0.147380] Last level dTLB entries: 4KB 64, 2MB 0, 4MB 0, 1GB 4
[    0.148414] Spectre V1 : Mitigation: usercopy/swapgs barriers and __user pointer sanitization
[    0.149943] Spectre V2 : Mitigation: Full generic retpoline
[    0.151011] Spectre V2 : Spectre v2 / SpectreRSB mitigation: Filling RSB on context switch
[    0.152563] Speculative Store Bypass: Vulnerable
[    0.153459] MDS: Mitigation: Clear CPU buffers
[    0.156270] Freeing SMP alternatives memory: 36K
[    0.161666] ftrace: allocating 32304 entries in 127 pages
[    0.206690] smpboot: APIC(0) Converting physical 0 to logical package 0
[    0.207842] smpboot: Max logical packages: 1
[    0.208782] x2apic enabled
[    0.209507] Switched APIC routing to physical x2apic.
[    0.211448] ..TIMER: vector=0x30 apic1=0 pin1=2 apic2=-1 pin2=-1
[    0.320712] smpboot: CPU0: Intel(R) Core(TM) i7-8569U CPU @ 2.80GHz (family: 0x6, model: 0x8e, stepping: 0xa)
[    0.323028] Performance Events: unsupported p6 CPU model 142 no PMU driver, software events only.
[    0.334561] KVM setup paravirtual spinlock
[    0.336145] x86: Booting SMP configuration:
[    0.337039] .... node  #0, CPUs:      #1
[    0.338123] kvm-clock: cpu 1, msr 0:1ffe3041, secondary cpu clock
[    0.340187] mce: CPU supports 0 MCE banks
[    0.342965] x86: Booted up 1 node, 2 CPUs
[    0.343894] smpboot: Total of 2 processors activated (11231.99 BogoMIPS)
[    0.346881] devtmpfs: initialized
[    0.349009] evm: security.selinux
[    0.349687] evm: security.SMACK64
[    0.350328] evm: security.SMACK64EXEC
[    0.351072] evm: security.SMACK64TRANSMUTE
[    0.351855] evm: security.SMACK64MMAP
[    0.352560] evm: security.ima
[    0.353137] evm: security.capability
[    0.354008] clocksource: jiffies: mask: 0xffffffff max_cycles: 0xffffffff, max_idle_ns: 7645041785100000 ns
[    0.355692] futex hash table entries: 512 (order: 3, 32768 bytes)
[    0.357110] pinctrl core: initialized pinctrl subsystem
[    0.358201] RTC time: 17:12:00, date: 04/12/20
[    0.359209] NET: Registered protocol family 16
[    0.368904] cpuidle: using governor ladder
[    0.381435] cpuidle: using governor menu
[    0.382512] PCCT header not found.
[    0.383716] ACPI: bus type PCI registered
[    0.384591] acpiphp: ACPI Hot Plug PCI Controller Driver version: 0.5
[    0.386215] PCI: Using configuration type 1 for base access
[    0.397323] ACPI: Added _OSI(Module Device)
[    0.398511] ACPI: Added _OSI(Processor Device)
[    0.399523] ACPI: Added _OSI(3.0 _SCP Extensions)
[    0.400560] ACPI: Added _OSI(Processor Aggregator Device)
[    0.402230] ACPI: Executed 1 blocks of module-level executable AML code
[    0.405241] ACPI: Interpreter enabled
[    0.406161] ACPI: (supports S0 S5)
[    0.407019] ACPI: Using IOAPIC for interrupt routing
[    0.408095] PCI: Using host bridge windows from ACPI; if necessary, use "pci=nocrs" and report a bug
[    0.413369] ACPI: PCI Root Bridge [PCI0] (domain 0000 [bus 00-ff])
[    0.414660] acpi PNP0A03:00: _OSC: OS supports [ASPM ClockPM Segments MSI]
[    0.416210] acpi PNP0A03:00: _OSC: not requesting OS control; OS requires [ExtendedConfig ASPM ClockPM MSI]
[    0.417963] acpi PNP0A03:00: fail to add MMCONFIG information, can't access extended PCI configuration space under this bridge.
[    0.420424] PCI host bridge to bus 0000:00
[    0.421237] pci_bus 0000:00: root bus resource [io  0x0000-0x0cf7 window]
[    0.422380] pci_bus 0000:00: root bus resource [io  0x0d00-0xffff window]
[    0.423656] pci_bus 0000:00: root bus resource [mem 0x000a0000-0x000bffff window]
[    0.425097] pci_bus 0000:00: root bus resource [mem 0x20000000-0xfdffffff window]
[    0.426552] pci_bus 0000:00: root bus resource [bus 00-ff]
[    0.429394] pci 0000:00:01.1: legacy IDE quirk: reg 0x10: [io  0x01f0-0x01f7]
[    0.430538] pci 0000:00:01.1: legacy IDE quirk: reg 0x14: [io  0x03f6]
[    0.431628] pci 0000:00:01.1: legacy IDE quirk: reg 0x18: [io  0x0170-0x0177]
[    0.432812] pci 0000:00:01.1: legacy IDE quirk: reg 0x1c: [io  0x0376]
[    0.448126] pci 0000:00:07.0: quirk: [io  0x4000-0x403f] claimed by PIIX4 ACPI
[    0.449467] pci 0000:00:07.0: quirk: [io  0x4100-0x410f] claimed by PIIX4 SMB
[    0.455432] ACPI: PCI Interrupt Link [LNKA] (IRQs 5 9 10 *11)
[    0.457250] ACPI: PCI Interrupt Link [LNKB] (IRQs 5 9 *10 11)
[    0.458711] ACPI: PCI Interrupt Link [LNKC] (IRQs 5 *9 10 11)
[    0.460299] ACPI: PCI Interrupt Link [LNKD] (IRQs 5 9 10 *11)
[    0.461821] ACPI: Enabled 2 GPEs in block 00 to 07
[    0.462972] vgaarb: setting as boot device: PCI:0000:00:02.0
[    0.464261] vgaarb: device added: PCI:0000:00:02.0,decodes=io+mem,owns=io+mem,locks=none
[    0.465774] vgaarb: loaded
[    0.466287] vgaarb: bridge control possible 0000:00:02.0
[    0.467487] SCSI subsystem initialized
[    0.468388] ACPI: bus type USB registered
[    0.469265] usbcore: registered new interface driver usbfs
[    0.470417] usbcore: registered new interface driver hub
[    0.471566] usbcore: registered new device driver usb
[    0.472576] PCI: Using ACPI for IRQ routing
[    0.473560] NetLabel: Initializing
[    0.474248] NetLabel:  domain hash size = 128
[    0.474989] NetLabel:  protocols = UNLABELED CIPSOv4
[    0.475888] NetLabel:  unlabeled traffic allowed by default
[    0.476878] amd_nb: Cannot enumerate AMD northbridges
[    0.477753] clocksource: Switched to clocksource kvm-clock
[    0.484676] AppArmor: AppArmor Filesystem Enabled
[    0.485704] pnp: PnP ACPI init
[    0.487193] pnp: PnP ACPI: found 3 devices
[    0.496543] clocksource: acpi_pm: mask: 0xffffff max_cycles: 0xffffff, max_idle_ns: 2085701024 ns
[    0.498178] NET: Registered protocol family 2
[    0.499059] TCP established hash table entries: 4096 (order: 3, 32768 bytes)
[    0.500240] TCP bind hash table entries: 4096 (order: 4, 65536 bytes)
[    0.501289] TCP: Hash tables configured (established 4096 bind 4096)
[    0.502423] UDP hash table entries: 256 (order: 1, 8192 bytes)
[    0.503401] UDP-Lite hash table entries: 256 (order: 1, 8192 bytes)
[    0.504413] NET: Registered protocol family 1
[    0.505156] pci 0000:00:00.0: Limiting direct PCI/PCI transfers
[    0.506169] pci 0000:00:01.0: Activating ISA DMA hang workarounds
[    0.508833] Unpacking initramfs...
[    0.686488] Freeing initrd memory: 14876K
[    0.687388] clocksource: tsc: mask: 0xffffffffffffffff max_cycles: 0x2879c456dd4, max_idle_ns: 440795285767 ns
[    0.689186] platform rtc_cmos: registered platform RTC device (no PNP device found)
[    0.690934] Scanning for low memory corruption every 60 seconds
[    0.692253] audit: initializing netlink subsys (disabled)
[    0.693502] audit: type=2000 audit(1586711525.793:1): initialized
[    0.694938] Initialise system trusted keyring
[    0.695909] HugeTLB registered 2 MB page size, pre-allocated 0 pages
[    0.697822] zbud: loaded
[    0.698685] VFS: Disk quotas dquot_6.6.0
[    0.699503] VFS: Dquot-cache hash table entries: 512 (order 0, 4096 bytes)
[    0.700800] squashfs: version 4.0 (2009/01/31) Phillip Lougher
[    0.702139] fuse init (API version 7.23)
[    0.702960] Key type big_key registered
[    0.703721] Allocating IMA MOK and blacklist keyrings.
[    0.705617] Key type asymmetric registered
[    0.706439] Asymmetric key parser 'x509' registered
[    0.707308] Block layer SCSI generic (bsg) driver version 0.4 loaded (major 249)
[    0.708703] io scheduler noop registered
[    0.709414] io scheduler deadline registered (default)
[    0.710351] io scheduler cfq registered
[    0.711127] pci_hotplug: PCI Hot Plug PCI Core version: 0.5
[    0.712074] pciehp: PCI Express Hot Plug Controller Driver version: 0.4
[    0.713531] ACPI: AC Adapter [AC] (off-line)
[    0.714405] input: Power Button as /devices/LNXSYSTM:00/LNXPWRBN:00/input/input0
[    0.715812] ACPI: Power Button [PWRF]
[    0.716546] input: Sleep Button as /devices/LNXSYSTM:00/LNXSLPBN:00/input/input1
[    0.717868] ACPI: Sleep Button [SLPF]
[    0.718749] GHES: HEST is not enabled!
[    0.720379] ACPI: Battery Slot [BAT0] (battery present)
[    0.721334] Serial: 8250/16550 driver, 32 ports, IRQ sharing enabled
[    0.743304] 00:02: ttyS0 at I/O 0x3f8 (irq = 4, base_baud = 115200) is a 16550A
    0.745388] Linux agpgart interface v0.103
[    0.747540] loop: module loaded
[    0.748635] scsi host0: ata_piix
[    0.749540] scsi host1: ata_piix
[    0.750736] ata1: PATA max UDMA/33 cmd 0x1f0 ctl 0x3f6 bmdma 0xd000 irq 14
[    0.752201] ata2: PATA max UDMA/33 cmd 0x170 ctl 0x376 bmdma 0xd008 irq 15
[    0.753617] libphy: Fixed MDIO Bus: probed
[    0.754630] tun: Universal TUN/TAP device driver, 1.6
[    0.755536] tun: (C) 1999-2004 Max Krasnyansky <maxk@qualcomm.com>
[    0.756765] PPP generic driver version 2.4.2
[    0.757564] ehci_hcd: USB 2.0 'Enhanced' Host Controller (EHCI) Driver
[    0.758669] ehci-pci: EHCI PCI platform driver
[    0.759559] ehci-platform: EHCI generic platform driver
[    0.760814] ohci_hcd: USB 1.1 'Open' Host Controller (OHCI) Driver
[    0.762231] ohci-pci: OHCI PCI platform driver
[    0.763187] ohci-platform: OHCI generic platform driver
[    0.764665] uhci_hcd: USB Universal Host Controller Interface driver
[    0.766451] i8042: PNP: PS/2 Controller [PNP0303:PS2K,PNP0f03:PS2M] at 0x60,0x64 irq 1,12
[    0.768886] serio: i8042 KBD port at 0x60,0x64 irq 1
[    0.770799] serio: i8042 AUX port at 0x60,0x64 irq 12
[    0.772002] mousedev: PS/2 mouse device common for all mice
[    0.773456] rtc_cmos rtc_cmos: rtc core: registered rtc_cmos as rtc0
[    0.774715] input: AT Translated Set 2 keyboard as /devices/platform/i8042/serio0/input/input2
[    0.776332] rtc_cmos rtc_cmos: alarms up to one day, 114 bytes nvram
[    0.777456] i2c /dev entries driver
[    0.778284] device-mapper: uevent: version 1.0.3
[    0.779948] device-mapper: ioctl: 4.34.0-ioctl (2015-10-28) initialised: dm-devel@redhat.com
[    0.781865] ledtrig-cpu: registered to indicate activity on CPUs
[    0.783344] NET: Registered protocol family 10
[    0.784654] NET: Registered protocol family 17
[    0.785528] Key type dns_resolver registered
[    0.788085] registered taskstats version 1
[    0.788886] Loading compiled-in X.509 certificates
[    0.790592] Loaded X.509 cert 'Build time autogenerated kernel key: a048edf52b07f04005c7780de0f875c713550332'
[    0.792490] zswap: loaded using pool lzo/zbud
[    0.795286] Key type trusted registered
[    0.799112] Key type encrypted registered
[    0.800134] AppArmor: AppArmor sha1 policy hashing enabled
[    0.801161] ima: No TPM chip found, activating TPM-bypass!
[    0.802218] ima: Allocated hash algorithm: sha1
[    0.803133] evm: HMAC attrs: 0x1
[    0.804580]   Magic number: 0:859:238
[    0.805561] rtc_cmos rtc_cmos: setting system clock to 2020-04-12 17:12:00 UTC (1586711520)
[    0.807335] BIOS EDD facility v0.16 2004-Jun-25, 0 devices found
[    0.808393] EDD information not available.
[    0.933439] Freeing unused kernel memory: 1488K
[    0.934420] Write protecting the kernel read-only data: 14336k
[    0.935919] Freeing unused kernel memory: 1604K
[    0.937079] Freeing unused kernel memory: 60K
Loading, please wait...
starting version 229
[    0.947829] random: systemd-udevd: uninitialized urandom read (16 bytes read, 3 bits of entropy available)
[    0.948296] random: udevadm: uninitialized urandom read (16 bytes read, 3 bits of entropy available)
[    0.948313] random: udevadm: uninitialized urandom read (16 bytes read, 3 bits of entropy available)
[    0.952765] random: systemd-udevd: uninitialized urandom read (16 bytes read, 3 bits of entropy available)
[    0.953488] random: udevadm: uninitialized urandom read (16 bytes read, 3 bits of entropy available)
[    0.953518] random: udevadm: uninitialized urandom read (16 bytes read, 3 bits of entropy available)
[    0.953609] random: udevadm: uninitialized urandom read (16 bytes read, 3 bits of entropy available)
[    0.953642] random: udevadm: uninitialized urandom read (16 bytes read, 3 bits of entropy available)
[    0.953675] random: udevadm: uninitialized urandom read (16 bytes read, 3 bits of entropy available)
[    0.953708] random: udevadm: uninitialized urandom read (16 bytes read, 3 bits of entropy available)
[    0.985399] e1000: Intel(R) PRO/1000 Network Driver - version 7.3.21-k8-NAPI
[    0.986941] e1000: Copyright (c) 1999-2006 Intel Corporation.
[    0.991392] Fusion MPT base driver 3.04.20
[    0.992184] Copyright (c) 1999-2008 LSI Corporation
[    1.007813] Fusion MPT SPI Host driver 3.04.20
[    1.012902] AVX2 version of gcm_enc/dec engaged.
[    1.013891] AES CTR mode by8 optimization enabled
[    1.196578] input: ImExPS/2 Generic Explorer Mouse as /devices/platform/i8042/serio1/input/input4
[    1.372689] e1000 0000:00:03.0 eth0: (PCI:33MHz:32-bit) 02:ba:b8:ca:39:a3
[    1.374264] e1000 0000:00:03.0 eth0: Intel(R) PRO/1000 Network Connection
[    1.739928] e1000 0000:00:08.0 eth1: (PCI:33MHz:32-bit) 08:00:27:4d:af:e7
[    1.741461] e1000 0000:00:08.0 eth1: Intel(R) PRO/1000 Network Connection
[    1.743865] mptbase: ioc0: Initiating bringup
[    1.744351] e1000 0000:00:08.0 enp0s8: renamed from eth1
[    1.754894] e1000 0000:00:03.0 enp0s3: renamed from eth0
[    2.302082] ioc0: LSI53C1030 A0: Capabilities={Initiator}
[    4.364768] scsi host2: ioc0: LSI53C1030 A0, FwRev=00000000h, Ports=1, MaxQ=256, IRQ=20
[    7.664267] scsi 2:0:0:0: Direct-Access     VBOX     HARDDISK         1.0  PQ: 0 ANSI: 5
[    7.667314] scsi target2:0:0: Beginning Domain Validation
[    7.670778] scsi target2:0:0: Domain Validation skipping write tests
[    7.672306] scsi target2:0:0: Ending Domain Validation
[    7.674011] scsi target2:0:0: asynchronous
[    7.675455] scsi 2:0:1:0: Direct-Access     VBOX     HARDDISK         1.0  PQ: 0 ANSI: 5
[    7.677093] scsi target2:0:1: Beginning Domain Validation
[    7.687753] scsi target2:0:1: Domain Validation skipping write tests
[    7.689034] scsi target2:0:1: Ending Domain Validation
[    7.690150] scsi target2:0:1: asynchronous
[    7.699331] sd 2:0:0:0: Attached scsi generic sg0 type 0
[    7.700643] sd 2:0:0:0: [sda] 20971520 512-byte logical blocks: (10.7 GB/10.0 GiB)
[    7.702527] sd 2:0:1:0: Attached scsi generic sg1 type 0
[    7.702876] sd 2:0:1:0: [sdb] 20480 512-byte logical blocks: (10.5 MB/10.0 MiB)
[    7.702985] sd 2:0:0:0: [sda] Write Protect is off
[    7.703162] sd 2:0:0:0: [sda] Incomplete mode parameter data
[    7.703163] sd 2:0:0:0: [sda] Assuming drive cache: write through
[    7.703194] sd 2:0:1:0: [sdb] Write Protect is off
[    7.703339] sd 2:0:1:0: [sdb] Incomplete mode parameter data
[    7.703340] sd 2:0:1:0: [sdb] Assuming drive cache: write through
[    7.704686]  sda: sda1
[    7.705309] sd 2:0:0:0: [sda] Attached SCSI disk
[    7.705406] sd 2:0:1:0: [sdb] Attached SCSI disk
Begin: Loading essential drivers ... [    8.983665] md: linear personality registered for level -1
[    8.987287] md: multipath personality registered for level -4
[    8.990000] md: raid0 personality registered for level 0
[    8.994088] md: raid1 personality registered for level 1
[    9.065994] raid6: sse2x1   gen() 12896 MB/s
[    9.133973] raid6: sse2x1   xor() 10246 MB/s
[    9.201827] raid6: sse2x2   gen() 16003 MB/s
[    9.270283] raid6: sse2x2   xor() 11111 MB/s
[    9.337821] raid6: sse2x4   gen() 17644 MB/s
[    9.405850] raid6: sse2x4   xor() 12119 MB/s
[    9.473870] raid6: avx2x1   gen() 23475 MB/s
[    9.541990] raid6: avx2x2   gen() 27496 MB/s
[    9.610283] raid6: avx2x4   gen() 26525 MB/s
[    9.611121] raid6: using algorithm avx2x2 gen() 27496 MB/s
[    9.612538] raid6: using avx2x2 recovery algorithm
[    9.615922] xor: automatically using best checksumming function:
[    9.657788]    avx       : 27175.000 MB/sec
[    9.659630] async_tx: api initialized (async)
[    9.669022] md: raid6 personality registered for level 6
[    9.670480] md: raid5 personality registered for level 5
[    9.671734] md: raid4 personality registered for level 4
[    9.679375] md: raid10 personality registered for level 10
done.
Begin: Running /scripts/init-premount ... done.
Begin: Mounting root file system ... Begin: Running /scripts/local-top ... done.
Begin: Running /scripts/local-premount ... [    9.706513] Btrfs loaded
Scanning for Btrfs filesystems
done.
Warning: fsck not present, so skipping root file system
[    9.727662] EXT4-fs (sda1): mounted filesystem with ordered data mode. Opts: (null)
done.
Begin: Running /scripts/local-bottom ... done.
Begin: Running /scripts/init-bottom ... done.
[    9.815955] systemd[1]: systemd 229 running in system mode. (+PAM +AUDIT +SELINUX +IMA +APPARMOR +SMACK +SYSVINIT +UTMP +LIBCRYPTSETUP +GCRYPT +GNUTLS +ACL +XZ -LZ4 +SECCOMP +BLKID +ELFUTILS +KMOD -IDN)
[    9.820217] systemd[1]: Detected virtualization oracle.
[    9.821670] systemd[1]: Detected architecture x86-64.

Welcome to [1mUbuntu 16.04.6 LTS[0m!

[    9.826954] systemd[1]: Set hostname to <ubuntu>.
[    9.831803] systemd[1]: Initializing machine ID from random generator.
[    9.833082] systemd[1]: Installed transient /etc/machine-id file.
[   10.152563] systemd[1]: Listening on LVM2 poll daemon socket.
[[0;32m  OK  [0m] Listening on LVM2 poll daemon socket.
[   10.154889] systemd[1]: Listening on udev Control Socket.
[[0;32m  OK  [0m] Listening on udev Control Socket.
[   10.156736] systemd[1]: Reached target Swap.
[[0;32m  OK  [0m] Reached target Swap.
[   10.159502] systemd[1]: Listening on Journal Socket (/dev/log).
[[0;32m  OK  [0m] Listening on Journal Socket (/dev/log).
[   10.162200] systemd[1]: Set up automount Arbitrary Executable File Formats File System Automount Point.
[[0;32m  OK  [0m] Set up automount Arbitrary Executab...ats File System Automount Point.
[   10.165243] systemd[1]: Listening on Journal Socket.
[[0;32m  OK  [0m] Listening on Journal Socket.
[   11.044251] systemd[1]: Listening on udev Kernel Socket.
[[0;32m  OK  [0m] Listening on udev Kernel Socket.
[   11.103124] systemd[1]: Reached target System Time Synchronized.
[[0;32m  OK  [0m] Reached target System Time Synchronized.
[   11.951469] systemd[1]: Reached target User and Group Name Lookups.
[[0;32m  OK  [0m] Reached target User and Group Name Lookups.
[   12.027957] systemd[1]: Reached target Encrypted Volumes.
[[0;32m  OK  [0m] Reached target Encrypted Volumes.
[   12.049915] systemd[1]: Listening on Journal Audit Socket.
[[0;32m  OK  [0m] Listening on Journal Audit Socket.
[   12.052383] systemd[1]: Listening on /dev/initctl Compatibility Named Pipe.
[[0;32m  OK  [0m] Listening on /dev/initctl Compatibility Named Pipe.
[   12.055738] systemd[1]: Created slice System Slice.
[[0;32m  OK  [0m] Created slice System Slice.
[   12.070717] systemd[1]: Mounting POSIX Message Queue File System...
         Mounting POSIX Message Queue File System...
[   12.076108] systemd[1]: Starting Create list of required static device nodes for the current kernel...
         Starting Create list of required st... nodes for the current kernel...
[   12.080280] systemd[1]: Mounting Huge Pages File System...
         Mounting Huge Pages File System...
[   12.083457] systemd[1]: Mounting Debug File System...
         Mounting Debug File System...
[   12.091734] systemd[1]: Starting Uncomplicated firewall...
         Starting Uncomplicated firewall...
[   12.094652] systemd[1]: Created slice system-serial\x2dgetty.slice.
[[0;32m  OK  [0m] Created slice system-serial\x2dgetty.slice.
[   12.097140] systemd[1]: Starting Nameserver information manager...
         Starting Nameserver information manager...
[   12.102204] systemd[1]: Starting Load Kernel Modules...
         Starting Load Kernel Modules...
[   12.105014] systemd[1]: Starting Remount Root and Kernel File Systems...
         Starting Remount Root and Kernel File Systems...
[   12.109604] EXT4-fs (sda1): re-mounted. Opts: (null)
[   12.112035] Loading iSCSI transport class v2.0-870.
[   12.114029] systemd[1]: Started Forward Password Requests to Wall Directory Watch.
[[0;32m  OK  [0m] Started Forward Password Requests to Wall Directory Watch.
[   12.116631] systemd[1]: Listening on LVM2 metadata daemon socket.
[[0;32m  OK  [0m] Listening on LVM2 metadata daemon socket.
[   12.119276] systemd[1]: Starting Set console keymap...
         Starting Set console keymap...
[   12.121668] systemd[1]: Created slice User and Session Slice.
[[   12.123156] iscsi: registered transport (tcp)
[0;32m  OK  [0m] Created slice User and Session Slice.
[   12.124677] systemd[1]: Listening on Syslog Socket.
[[0;32m  OK  [0m] Listening on Syslog Socket.
[   12.126961] systemd[1]: Starting Journal Service...
         Starting Journal Service...
[   12.128512] systemd[1]: Started Trigger resolvconf update for networkd DNS.
[[0;32m  OK  [0m] Started Trigger resolvconf update for networkd DNS.
[   12.131037] systemd[1]: Listening on Device-mapper event daemon FIFOs.
[[0;32m  OK  [0m] Listening on Device-mapper event daemon FIFOs.
[   12.133940] systemd[1]: Starting Monitoring of LVM2 mirrors, snapshots etc. using dmeventd or progress polling...
         Starting Monitoring of LVM2 mirrors... dmeventd or progress polling...
[   12.137337] systemd[1]: Reached target Slices.
[[0;32m  OK  [0m] Reached target Slices.
[   12.141338] systemd[1]: Mounted Huge Pages File System.
[[0;32m  OK  [0m] Mounted Huge Pages File System.
[   12.143350] systemd[1]: Mounted Debug File System.
[[0;32m  OK  [0m] Mounted Debug File System.
[   12.145234] systemd[1]: Mounted POSIX Message Queue File System.
[[0;32m  OK  [0m] Mounted POSIX Message Queue File System.
[   12.149615] systemd[1]: Started Create list of required static device nodes for the current kernel.
[[0;32m  OK  [0m] Started Create list of required sta...ce nodes for the current kernel.
[   12.154322] systemd[1]: Started Uncomplicated firewall.
[[0;32m  OK  [0m] Started Uncomplicated firewall.
[   12.166534] systemd[1]: Started Remount Root and Kernel File Systems.
[[0;32m  OK  [0m] Started Remount Root and Kernel File Systems.
[   12.171155] systemd[1]: Started Set console keymap.
[[0;32m  OK  [0m] Started Set console keymap.
[   12.173776] systemd[1]: Started Nameserver information manager.
[[0;32m  OK  [0m] Started Nameserver information manager.
[   12.178942] systemd[1]: Started LVM2 metadata daemon.
[[0;32m  OK  [0m] Started LVM2 metadata daemon.
[   12.183933] systemd[1]: Starting udev Coldplug all Devices...
[   12.185003] iscsi: registered transport (iser)
         Starting udev Coldplug all Devices...
[   12.187712] systemd[1]: Starting Load/Save Random Seed...
         Starting Load/Save Random Seed...
[   12.189907] systemd[1]: Starting Create Static Device Nodes in /dev...
         Starting Create Static Device Nodes in /dev...
[   12.195247] systemd[1]: Started Journal Service.
[[0;32m  OK  [0m] Started Journal Service.
[[0;32m  OK  [0m] Started Load Kernel Modules.
[[0;32m  OK  [0m] Started Load/Save Random Seed.
         Mounting FUSE Control File System...
         Starting Apply Kernel Variables...
         Starting Flush Journal to Persistent Storage...
[[0;32m  OK  [0m] [   12.215266] random: nonblocking pool is initialized
Mounted FUSE Control File System.
[[0;32m  OK  [0m] Started Apply Kernel Variables.
[[0;32m  OK  [0m] Started Flush Journal to Persistent Storage.
[[0;32m  OK  [0m] Started Create Static Device Nodes in /dev.
[[0;32m  OK  [0m] Started udev Coldplug all Devices.
         Starting udev Kernel Device Manager...
[[0;32m  OK  [0m] Started udev Kernel Device Manager.
[[0;32m  OK  [0m] Started Dispatch Password Requests to Console Directory Watch.
[[0;32m  OK  [0m] Started Monitoring of LVM2 mirrors,...ng dmeventd or progress polling.
[[0;32m  OK  [0m] Reached target Local File Systems (Pre).
[[0;32m  OK  [0m] Reached target Local File Systems.
         Starting Commit a transient machine-id on disk...
         Starting Set console font and keymap...
         Starting Initial cloud-init job (pre-networking)...
         Starting LSB: AppArmor initialization...
         Starting Tell Plymouth To Write Out Runtime Data...
         Starting Create Volatile Files and Directories...
[[0;32m  OK  [0m] Started Create Volatile Files and Directories.
         Starting Update UTMP about System Boot/Shutdown...
[[0;32m  OK  [0m] Started Commit a transient machine-id on disk.
[[0;32m  OK  [0m] Started Tell Plymouth To Write Out Runtime Data.
[[0;32m  OK  [0m] Started Update UTMP about System Boot/Shutdown.
[[0;32m  OK  [0m] Found device /dev/ttyS0.
[[0;32m  OK  [0m] Listening on Load/Save RF Kill Switch Status /dev/rfkill Watch.
[[0;32m  OK  [0m] Started LSB: AppArmor initialization.
[   13.336042] cloud-init[489]: Cloud-init v. 19.4-33-gbb4131a2-0ubuntu1~16.04.1 running 'init-local' at Sun, 12 Apr 2020 17:12:12 +0000. Up 12.87 seconds.
[[0;32m  OK  [0m] Started Initial cloud-init job (pre-networking).
[[0;32m  OK  [0m] Reached target Network (Pre).
         Starting Raise network interfaces...
[[0;32m  OK  [0m] Started Set console font and keymap.
[[0;32m  OK  [0m] Created slice system-getty.slice.
[[0;32m  OK  [0m] Started Raise network interfaces.
         Starting Initial cloud-init job (metadata service crawler)...
[[0;32m  OK  [0m] Reached target Network.
[   14.442390] cloud-init[971]: Cloud-init v. 19.4-33-gbb4131a2-0ubuntu1~16.04.1 running 'init' at Sun, 12 Apr 2020 17:12:13 +0000. Up 14.06 seconds.
[   14.443724] cloud-init[971]: ci-info: ++++++++++++++++++++++++++++++++++++++Net device info+++++++++++++++++++++++++++++++++++++++
[   14.452357] cloud-init[971]: ci-info: +--------+-------+----------------------------+---------------+--------+-------------------+
[   14.453655] cloud-init[971]: ci-info: | Device |   Up  |          Address           |      Mask     | Scope  |     Hw-Address    |
[   14.455216] cloud-init[971]: ci-info: +--------+-------+----------------------------+---------------+--------+-------------------+
[   14.456726] cloud-init[971]: ci-info: | enp0s3 |  True |         10.0.2.15          | 255.255.255.0 | global | 02:ba:b8:ca:39:a3 |
[   14.458216] cloud-init[971]: ci-info: | enp0s3 |  True | fe80::ba:b8ff:feca:39a3/64 |       .       |  link  | 02:ba:b8:ca:39:a3 |
[   14.464289] cloud-init[971]: ci-info: | enp0s8 | False |             .              |       .       |   .    | 08:00:27:4d:af:e7 |
[   14.465772] cloud-init[971]: ci-info: |   lo   |  True |         127.0.0.1          |   255.0.0.0   |  host  |         .         |
[   14.472720] [[0;32m  OK  [0m] Started Initial cloud-init job (metadata service crawler).
cloud-init[971]: ci-info: |   lo   |  True |          ::1/128           |       .       |  host  |         .         |
[   14.475028] [[0;32m  OK  [0m] Reached target Cloud-config availability.
[[0;32m  OK  [0m] Reached target System Initialization.
[[0;32m  OK  [0m] Started Daily apt download activities.
[[0;32m  OK  [0m] Started Daily apt upgrade and clean activities.
[[0;32m  OK  [0m] Listening on ACPID Listen Socket.
cloud-init[971]: ci-info: +--------+-------+----------------------------+---------------+--------+-------------------+
[   14.480567] cloud-init[971]: ci-info: +++++++++++++++++++++++++++Route IPv4 info++++++++++++++++++++++++++++
[   14.481942] [[0;32m  OK  [0m] Started ACPI Events Check.
[[0;32m  OK  [0m] Reached target Paths.
[[0;32m  OK  [0m] Started Message of the Day.
[[0;32m  OK  [0m] Listening on UUID daemon activation socket.
[[0;32m  OK  [0m] Started Daily Cleanup of Temporary Directories.
cloud-init[971]:          Starting LXD - unix socket.
[[0;32m  OK  [0m] Reached target Timers.
         Starting Socket activation for snappy daemon.
ci-info: +-------+-------------+----------+---------------+-----------+-------+
[   14.492685] [[0;32m  OK  [0m] Listening on D-Bus System Message Bus Socket.
[[0;32m  OK  [0m] Reached target Network is Online.
cloud-init[971]: ci-info: | Route | Destination | Gateway  |    Genmask    | Interface | Flags |
[   14.496218] cloud-init[971]: ci-info: +-------+-------------+----------+---------------+-----------+-------+
[   14.504744] cloud-init[971]: ci-info: |   0   |   0.0.0.0   | 10.0.2.2 |    0.0.0.0    |   enp0s3  |   UG  |
[   14.506247] cloud-init[971]: ci-info: |   1   |   10.0.2.0  | 0.0.0.0  | 255.255.255.0 |   enp0s3  |   U   |
[   14.507824] cloud-init         Starting iSCSI initiator daemon (iscsid)...
[[0;32m  OK  [0m] Listening on LXD - unix socket.
[[0;32m  OK  [0m] Listening on Socket activation for snappy daemon.
[[0;32m  OK  [0m] Reached target Sockets.
[[0;32m  OK  [0m] Reached target Basic System.
         Starting Virtualbox guest utils...
[971]: [[0;32m  OK  [0m] Started D-Bus System Message Bus.
ci-info: +-------+-------------+----------+---------------+-----------+-------+
[   14.513845] cloud-init[971]: ci-info: +++++++++++++++++++Route IPv6 info+++++++++++++++++++
[   14.515411] cloud-init[971]: ci-info: +-------+-------------+---------+-----------+-------+
[   14.518577] cloud-init[971]: ci-info: | Route | Destination | Gateway | Interface | Flags |
[   14.520772] cloud-init[971]: ci-info: +-------+-------------+---------+-----------+-------+
[   14.521730] cloud-init[971]: ci-info: |   0   |  fe80::/64  |    ::   |   enp0s3  |   U   |
[   14.522870] cloud-init[971]: ci-info: |   3   |   ff00::/8  |    ::   |   enp0s3  |   U   |
[   14.524554] cloud-init[971]: ci-info: +-------+-------------+---------+-----------+-------+
[   14.525921] cloud-init[971]: Generating public/private rsa key pair.
[   14.527143] cloud-init[971]: Your identification has been saved in /etc/ssh/ssh_host_rsa_key.
[   14.528626] cloud-init[971]: Your public key has been saved in /etc/ssh/ssh_host_rsa_key.pub.
[   14.529958] cloud-init[971]: The key fingerprint is:
[   14.530865] cloud-init[971]: SHA256:J3LXIg9SIJg42jHf+Rl7dU+jgw0Jw23ggobvtYQbJxA root@ubuntu-xenial
[   14.532311] cloud-init[971]: The key's randomart image is:
[   14.533210] cloud-init[971]: +---[RSA 2048]----+
[   14.540203] cloud-init[971]: | . E. . ..o      |
[   14.541059] cloud-init[971]: |o = o....+ o     |
[   14.541936] cloud-init[971]: |.o * + o..+ .    |
[   14.542866] cloud-init[971]: |. . = +.o  +. ...|
[   14.544256] cloud-init[971]: |     =o=S++.=..o.|
[   14.545177] cloud-init[971]: |    . B+=B.o +  .|
[   14.545975] cloud-init[971]: |     o . ..   .  |
[   14.546760] cloud-init[971]: |                 |
[   14.547580] cloud-init[971]: |                 |
[   14.548413] cloud-init[971]: +----[SHA256]-----+
[   14.549335] cloud-init[971]: Generating public/private dsa key pair.
[   14.550312] cloud-init[971]: Your identification has been saved in /etc/ssh/ssh_host_dsa_key.
[   14.551645] cloud-init[971]: Your public key has been saved in /etc/ssh/ssh_host_dsa_key.pub.
[   14.554172]          Starting LXD - container startup/shutdown...
         Starting Login Service...
cloud-init[971]: The key fingerprint is:         Starting Pollinate to seed the pseudo random number generator...
         Starting LSB: MD monitoring daemon...

[   14.557859] [[0;32m  OK  [0m] Started Deferred execution scheduler.
cloud-init[971]: SHA256:qOAwn40f8fKVZBSjNTr1H/kSR7NVceHsCiIV54uevmY root@ubuntu-xenial[[0;32m  OK  [0m] Started ACPI event daemon.
         Starting System Logging Service...
[[0;32m  OK  [0m] Started FUSE filesystem for LXC.
[[0;32m  OK  [0m] Started Regular background program processing daemon.
         Starting LSB: Record successful boot for GRUB...

         Starting Snappy daemon...
[   14.590200] cloud-init[971]: The key's randomart image is:
[   14.596148] cloud-init[971]: +---[DSA 1024]----+
[   14.597259] cloud-init[971]: |        *. .  ooB|
[   14.598404] cloud-init[971]: |       = =+  oo+.|
         Starting Accounts Service...
[   14.605696] cloud-init[971]: |      + ....+ oo |         Starting /etc/rc.local Compatibility...
[[0;32m  OK  [0m] Started System Logging Service.

[   14.611375] cloud-init[971]: |       +. ...=.  |
[   14.619701] [[0;32m  OK  [0m] Started Login Service.
cloud-init[971]: [[0;32m  OK  [0m] Started Unattended Upgrades Shutdown.
[[0;32m  OK  [0m] Started /etc/rc.local Compatibility.
|o . . ..So oo .. |
[   14.630150] cloud-init[971]: | = = + oo.o ...  |
[   14.631180] cloud-init[971]: |  = = . oo   .   |
[[0;32m  OK  [0m] Started iSCSI initiator daemon (iscsid).
[[0;32m  OK  [0m] Started LSB: Record successful boot for GRUB.
[   14.642554] cloud-init[971]: |   . + ..E       |
         Starting Login to default iSCSI targets...
[[0;32m  OK  [0m] Started LSB: MD monitoring daemon.
[   14.668855] cloud-init[971]: |    . . oo.      |
[   14.676847] cloud-init[971]: +----[SHA256]-----+
[   14.683398] cloud-init[971]: Generating public/private ecdsa key pair.
[   14.686434] cloud-init[971]: Your identification has been saved in /etc/ssh/ssh_host_ecdsa_key.
[   14.688261] [[0;32m  OK  [0m] Started Login to default iSCSI targets.
[[0;32m  OK  [0m] Reached target Remote File Systems (Pre).
[[0;32m  OK  [0m] Reached target Remote File Systems.
         Starting LSB: automatic crash report generation...
         Starting Permit User Sessions...cloud-init[971]: Your public key has been saved in /etc/ssh/ssh_host_ecdsa_key.pub.

[   14.714920] cloud-init[971]: The key fingerprint is:
[   14.719658] cloud-init[971]: SHA256:oFfS2nwn5XlCl0qOFvRs8Jc2I6kQvgGGe3udC6Ce/mo root@ubuntu-xenial
[   14.723154] cloud-init[971]: The key's randomart image is:
         Starting LSB: daemon to balance interrupts for SMP systems...
[   14.727441]          Starting LSB: Set the CPU Frequency Scaling governor to "ondemand"...
[[0;32m  OK  [0m] Started Permit User Sessions.
cloud-init[971]: +---[ECDSA 256]---+
[   14.731373] cloud-init[971]: |     .o . o      |
[   14.736428]          Starting Authenticate and Authorize Users to Run Privileged Tasks...
         Starting Hold until boot process finishes up...
         Starting Terminate Plymouth Boot Screen...
cloud-init[971]: |    .. + o = . o |
[   14.741724] cloud-init[971]: |     .o * . @ O  |
[   14.750252] cloud-init[971]: |    ..oB + @ B o |
[   14.752719] cloud-init[971]: |    .oooS.*.B .  |
[   14.755036] cloud-init[971]: |    ... oooo o   |
[[0;32m  OK  [0m] Started Hold until boot process finishes up.
[[0;32m  OK  [0m] Started Terminate Plymouth Boot Screen.
[   14.759142] cloud-init[971]: |   . . . . .     |
[[0;32m  OK  [0m] Started Serial Getty on ttyS0.
[[0;32m  OK  [0m] Started Getty on tty1.
[[0;32m  OK  [0m] Reached target Login Prompts.
         Starting Set console scheme...
[   14.768424] cloud-init[971]: |    E     .      |
[   14.781186] cloud-init[971]: |   ooo.          |
[[0;32m  OK  [0m] Started Set console scheme.
[   14.785399] cloud-init[971]: +----[SHA256]-----+
[   14.796412] cloud-init[971]: Generating public/private ed25519 key pair.
[   14.797552] cloud-init[971]: Your identification has been saved in /etc/ssh/ssh_host_ed25519_key.
[   14.798997] cloud-init[971]: Your public key has been saved in /etc/ssh/ssh_host_ed25519_key.pub.
[   14.801186] [[0;32m  OK  [0m] Started LSB: Set the CPU Frequency Scaling governor to "ondemand".
[[0;32m  OK  [0m] Started Virtualbox guest utils.
[[0;32m  OK  [0m] Started LXD - container startup/shutdown.
[[0;32m  OK  [0m] Started LSB: daemon to balance interrupts for SMP systems.
[[0;32m  OK  [0m] Started Authenticate and Authorize Users to Run Privileged Tasks.
[[0;32m  OK  [0m] Started Accounts Service.
cloud-init[971]: The key fingerprint is:[[0;32m  OK  [0m] Started LSB: automatic crash report generation.

[   14.825999] cloud-init[971]: SHA256:TFiyLjA2nrqQy2NIh59972GkBRdq+I3yBGntmfGDt98 root@ubuntu-xenial
[   14.828047] cloud-init[971]: The key's randomart image is:
[   14.829438] cloud-init[971]: +--[ED25519 256]--+
[   14.830345] cloud-init[971]: |      . ..       |
[   14.831397] cloud-init[971]: |      +=. .      |
[   14.833790] cloud-init[971]: |  =  =o*..       |
[   14.834627] cloud-init[971]: | o =..=o@        |
[   14.841123] cloud-init[971]: |  + ...OSB       |
[   14.852323] cloud-init[971]: | = . .+ = o      |
[   14.853201] cloud-init[971]: |* o o  o +       |
[   14.853959] cloud-init[971]: |+= o . .. o .    |
[   14.860676] cloud-init[971]: |+..   . oo . E   |
[   14.868720] cloud-init[971]: +----[SHA256]-----+
[[0;32m  OK  [0m] Started Snappy daemon.
         Starting Wait until snapd is fully seeded...
[[0;32m  OK  [0m] Started Pollinate to seed the pseudo random number generator.
         Starting OpenBSD Secure Shell server...
[[0;32m  OK  [0m] Started OpenBSD Secure Shell server.
[[0;32m  OK  [0m] Created slice User Slice of vagrant.
         Starting User Manager for UID 1000...
[[0;32m  OK  [0m] Started Session 1 of user vagrant.
[[0;32m  OK  [0m] Started User Manager for UID 1000.
[[0;32m  OK  [0m] Started Wait until snapd is fully seeded.
         Starting Apply the settings specified in cloud-config...
[[0;32m  OK  [0m] Reached target Multi-User System.
[[0;32m  OK  [0m] Reached target Graphical Interface.
         Starting Update UTMP about System Runlevel Changes...
[[0;32m  OK  [0m] Started Update UTMP about System Runlevel Changes.
[   18.982060] cloud-init[1430]: Generating locales (this might take a while)...
[[0;32m  OK  [0m] Started Session 2 of user vagrant.
[   19.615180] cloud-init[1430]:   en_US.UTF-8... done
[   19.616373] cloud-init[1430]: Generation complete.
[   19.818098] cloud-init[1430]: Cloud-init v. 19.4-33-gbb4131a2-0ubuntu1~16.04.1 running 'modules:config' at Sun, 12 Apr 2020 17:12:18 +0000. Up 18.90 seconds.
ci-info: no authorized SSH keys fingerprints found for user ubuntu.
<14>Apr 12 17:12:19 ec2: 
<14>Apr 12 17:12:19 ec2: #############################################################
<14>Apr 12 17:12:19 ec2: -----BEGIN SSH HOST KEY FINGERPRINTS-----
<14>Apr 12 17:12:19 ec2: 1024 SHA256:qOAwn40f8fKVZBSjNTr1H/kSR7NVceHsCiIV54uevmY root@ubuntu-xenial (DSA)
<14>Apr 12 17:12:19 ec2: 256 SHA256:oFfS2nwn5XlCl0qOFvRs8Jc2I6kQvgGGe3udC6Ce/mo root@ubuntu-xenial (ECDSA)
<14>Apr 12 17:12:19 ec2: 256 SHA256:TFiyLjA2nrqQy2NIh59972GkBRdq+I3yBGntmfGDt98 root@ubuntu-xenial (ED25519)
<14>Apr 12 17:12:19 ec2: 2048 SHA256:J3LXIg9SIJg42jHf+Rl7dU+jgw0Jw23ggobvtYQbJxA root@ubuntu-xenial (RSA)
<14>Apr 12 17:12:19 ec2: -----END SSH HOST KEY FINGERPRINTS-----
<14>Apr 12 17:12:19 ec2: #############################################################
-----BEGIN SSH HOST KEY KEYS-----
ecdsa-sha2-nistp256 AAAAE2VjZHNhLXNoYTItbmlzdHAyNTYAAAAIbmlzdHAyNTYAAABBBO1fovtyJ454rFut+dz898N+Tqj4AxdC4z/rByHFl3Fmdxg4rRI70oM74xHr0zzi/rTnG8Pqrb/9LjVseUae+ew= root@ubuntu-xenial
ssh-ed25519 AAAAC3NzaC1lZDI1NTE5AAAAIDBSdhVQmV9VkyNqhRsOoJdNyziMbIIboLgdPlnBuPpd root@ubuntu-xenial
ssh-rsa AAAAB3NzaC1yc2EAAAADAQABAAABAQD7pYSAUUPjnMiZfDH3p1baje11QkSDE777QeOBgQ2LENRPyPnEPFikNXeHf10H+6KB3Qi/iX/Eh5a4YAqDKrc0flhHBJg0wlTh2xiRccYjZpCxxfjNc3x5aLUPS15N5koIFinynJXtUQpqVvuQkn9jY2YG9fiUkS53S9n1gxQc2cJG8EjTKgnUdLZYLOX1zJmk0/vbHhQLcPw8ObNfyYeyJt84KDvnLgbs7UHKLfPOBJmYhxvQG9GMo/d1127Ka2luLuF/Bj0L4hrDGaw+9pYWlSNMDvcSVHN/Sw7y05gUKHRQjeFZ0ySzFznPywVbtMfwDQLKoXx5SqhOGBUwvgYX root@ubuntu-xenial
-----END SSH HOST KEY KEYS-----
[   20.142705] cloud-init[1633]: Cloud-init v. 19.4-33-gbb4131a2-0ubuntu1~16.04.1 running 'modules:final' at Sun, 12 Apr 2020 17:12:19 +0000. Up 20.03 seconds.
[   20.142863] cloud-init[1633]: ci-info: no authorized SSH keys fingerprints found for user ubuntu.
[   20.142946] cloud-init[1633]: Cloud-init v. 19.4-33-gbb4131a2-0ubuntu1~16.04.1 finished at Sun, 12 Apr 2020 17:12:19 +0000. Datasource DataSourceNoCloud [seed=/dev/sdb][dsmode=net].  Up 20.13 seconds

Ubuntu 16.04.6 LTS worker02 ttyS0

worker02 login: 